<?xml version="1.0" encoding="UTF-8"?>
<!-- Generated by org.testng.reporters.JUnitReportReporter -->
<testsuite hostname="DESKTOP-S1LAF8U" failures="0" tests="2" name="POMUsingTestScripts.UserOpeningAccount" time="15.277" errors="0" timestamp="2024-04-17T17:24:51 IST" skipped="0">
  <testcase classname="POMUsingTestScripts.UserOpeningAccount" name="userAccountApprovalStaffPOMTest" time="9.331"/>
  <system-out/>
  <testcase classname="POMUsingTestScripts.UserOpeningAccount" name="mavenm1" time="5.946"/>
  <system-out/>
</testsuite> <!-- POMUsingTestScripts.UserOpeningAccount -->
