<?xml version="1.0" encoding="UTF-8"?>
<!-- Generated by org.testng.reporters.JUnitReportReporter -->
<testsuite hostname="DESKTOP-S1LAF8U" failures="0" tests="1" name="POMUsingTestScripts.ChangePasswordCustomerPOMTest" time="99.014" errors="0" timestamp="2024-04-17T15:20:11 IST" skipped="0">
  <testcase classname="POMUsingTestScripts.ChangePasswordCustomerPOMTest" name="changePasswordCustomerPOMTest" time="99.014"/>
  <system-out/>
</testsuite> <!-- POMUsingTestScripts.ChangePasswordCustomerPOMTest -->
